#
# There is insufficient memory for the Java Runtime Environment to continue.
# Native memory allocation (malloc) failed to allocate 225216 bytes for Chunk::new
# Possible reasons:
#   The system is out of physical RAM or swap space
#   The process is running with CompressedOops enabled, and the Java Heap may be blocking the growth of the native heap
# Possible solutions:
#   Reduce memory load on the system
#   Increase physical memory or swap space
#   Check if swap backing store is full
#   Decrease Java heap size (-Xmx/-Xms)
#   Decrease number of Java threads
#   Decrease Java thread stack sizes (-Xss)
#   Set larger code cache with -XX:ReservedCodeCacheSize=
#   JVM is running with Unscaled Compressed Oops mode in which the Java heap is
#     placed in the first 4GB address space. The Java Heap base address is the
#     maximum limit for the native heap growth. Please use -XX:HeapBaseMinAddress
#     to set the Java Heap base and to place the Java Heap above 4GB virtual address.
# This output file may be truncated or incomplete.
#
#  Out of Memory Error (./open/src/hotspot/share/memory/arena.cpp:197), pid=18256, tid=15380
#
# JRE version: Java(TM) SE Runtime Environment 18.9 (11.0.10+8) (build 11.0.10+8-LTS-162)
# Java VM: Java HotSpot(TM) 64-Bit Server VM 18.9 (11.0.10+8-LTS-162, mixed mode, tiered, compressed oops, g1 gc, windows-amd64)
# No core dump will be written. Minidumps are not enabled by default on client versions of Windows
#

---------------  S U M M A R Y ------------

Command Line: -Dclassworlds.conf=C:\Users\Sara\OneDrive\Escritorio\netbeans\java\maven\bin\..\bin\m2.conf -Dmaven.home=C:\Users\Sara\OneDrive\Escritorio\netbeans\java\maven\bin\.. -Dlibrary.jansi.path=C:\Users\Sara\OneDrive\Escritorio\netbeans\java\maven\bin\..\lib\jansi-native -Dmaven.multiModuleProjectDirectory=C:\NetbeansProjects\GiraSOL_server org.codehaus.plexus.classworlds.launcher.Launcher -Dspring-boot.run.jvmArguments=-Xdebug -Xrunjdwp:transport=dt_socket,server=n,address=62393 -noverify -XX:TieredStopAtLevel=1 -Dspring-boot.run.mainClass=com.example.BasicApplication -Djpda.listen=true -Djpda.address=62393 -Dmaven.ext.class.path=C:\Users\Sara\OneDrive\Escritorio\netbeans\java\maven-nblib\netbeans-eventspy.jar -Dfile.encoding=UTF-8 spring-boot:run

Host: Intel(R) Core(TM) i5-8250U CPU @ 1.60GHz, 8 cores, 7G,  Windows 10 , 64 bit Build 19041 (10.0.19041.928)
Time: Mon Jun  7 21:11:05 2021 Hora de verano romance elapsed time: 2.609111 seconds (0d 0h 0m 2s)

---------------  T H R E A D  ---------------

Current thread (0x000001a1f7b5b000):  JavaThread "C2 CompilerThread0" daemon [_thread_in_native, id=15380, stack(0x0000007bd9c00000,0x0000007bd9d00000)]


Current CompileTask:
C2:   2609  964   !   4       sun.nio.cs.StreamDecoder::read (196 bytes)

Stack: [0x0000007bd9c00000,0x0000007bd9d00000]
Native frames: (J=compiled Java code, j=interpreted, Vv=VM code, C=native code)
V  [jvm.dll+0x613e6a]
V  [jvm.dll+0x74c1ff]
V  [jvm.dll+0x74d885]
V  [jvm.dll+0x74df03]
V  [jvm.dll+0x243b78]
V  [jvm.dll+0xba2cc]
V  [jvm.dll+0xba9cc]
V  [jvm.dll+0x2b4424]
V  [jvm.dll+0x52bfa6]
V  [jvm.dll+0x20555d]
V  [jvm.dll+0x1ff4aa]
V  [jvm.dll+0x1fc42f]
V  [jvm.dll+0x17f09c]
V  [jvm.dll+0x20bbd4]
V  [jvm.dll+0x209cab]
V  [jvm.dll+0x713619]
V  [jvm.dll+0x70c314]
V  [jvm.dll+0x613036]
C  [ucrtbase.dll+0x21bb2]
C  [KERNEL32.DLL+0x17034]
C  [ntdll.dll+0x52651]


---------------  P R O C E S S  ---------------

Threads class SMR info:
_java_thread_list=0x000001a1f93588a0, length=12, elements={
0x000001a1d8df0000, 0x000001a1f7b3e800, 0x000001a1f7b47800, 0x000001a1f7b55000,
0x000001a1f7b56800, 0x000001a1f7b5b000, 0x000001a1f7b62000, 0x000001a1f7b67000,
0x000001a1f863e000, 0x000001a1f8647000, 0x000001a1f92f8800, 0x000001a1f8f25800
}

Java Threads: ( => current thread )
  0x000001a1d8df0000 JavaThread "main" [_thread_in_native, id=21808, stack(0x0000007bd9100000,0x0000007bd9200000)]
  0x000001a1f7b3e800 JavaThread "Reference Handler" daemon [_thread_blocked, id=19848, stack(0x0000007bd9800000,0x0000007bd9900000)]
  0x000001a1f7b47800 JavaThread "Finalizer" daemon [_thread_blocked, id=28280, stack(0x0000007bd9900000,0x0000007bd9a00000)]
  0x000001a1f7b55000 JavaThread "Signal Dispatcher" daemon [_thread_blocked, id=18120, stack(0x0000007bd9a00000,0x0000007bd9b00000)]
  0x000001a1f7b56800 JavaThread "Attach Listener" daemon [_thread_blocked, id=25464, stack(0x0000007bd9b00000,0x0000007bd9c00000)]
=>0x000001a1f7b5b000 JavaThread "C2 CompilerThread0" daemon [_thread_in_native, id=15380, stack(0x0000007bd9c00000,0x0000007bd9d00000)]
  0x000001a1f7b62000 JavaThread "C1 CompilerThread0" daemon [_thread_in_native, id=13604, stack(0x0000007bd9d00000,0x0000007bd9e00000)]
  0x000001a1f7b67000 JavaThread "Sweeper thread" daemon [_thread_blocked, id=20660, stack(0x0000007bd9e00000,0x0000007bd9f00000)]
  0x000001a1f863e000 JavaThread "Service Thread" daemon [_thread_blocked, id=27900, stack(0x0000007bd9f00000,0x0000007bda000000)]
  0x000001a1f8647000 JavaThread "Common-Cleaner" daemon [_thread_blocked, id=5476, stack(0x0000007bda100000,0x0000007bda200000)]
  0x000001a1f92f8800 JavaThread "C2 CompilerThread1" daemon [_thread_in_native, id=30824, stack(0x0000007bda200000,0x0000007bda300000)]
  0x000001a1f8f25800 JavaThread "C2 CompilerThread2" daemon [_thread_in_native, id=19408, stack(0x0000007bda300000,0x0000007bda400000)]

Other Threads:
  0x000001a1f7b1c800 VMThread "VM Thread" [stack: 0x0000007bd9700000,0x0000007bd9800000] [id=1744]
  0x000001a1f8646800 WatcherThread [stack: 0x0000007bda000000,0x0000007bda100000] [id=30172]
  0x000001a1d8e06000 GCTaskThread "GC Thread#0" [stack: 0x0000007bd9200000,0x0000007bd9300000] [id=23644]
  0x000001a1d8e37800 ConcurrentGCThread "G1 Main Marker" [stack: 0x0000007bd9300000,0x0000007bd9400000] [id=29224]
  0x000001a1d8e3c800 ConcurrentGCThread "G1 Conc#0" [stack: 0x0000007bd9400000,0x0000007bd9500000] [id=4208]
  0x000001a1f7980800 ConcurrentGCThread "G1 Refine#0" [stack: 0x0000007bd9500000,0x0000007bd9600000] [id=25724]
  0x000001a1f7981800 ConcurrentGCThread "G1 Young RemSet Sampling" [stack: 0x0000007bd9600000,0x0000007bd9700000] [id=5604]

Threads with active compile tasks:
C2 CompilerThread0   2710  964   !   4       sun.nio.cs.StreamDecoder::read (196 bytes)
C1 CompilerThread0   2711  981       3       org.codehaus.plexus.util.xml.pull.MXParser::parseStartTag (1195 bytes)
C2 CompilerThread1   2711  968       4       org.codehaus.plexus.util.xml.XmlReader::read (11 bytes)
C2 CompilerThread2   2711  967       4       java.io.InputStreamReader::read (11 bytes)

VM state:not at safepoint (normal execution)

VM Mutex/Monitor currently owned by a thread: None

Heap address: 0x0000000081e00000, size: 2018 MB, Compressed Oops mode: 32-bit
Narrow klass base: 0x0000000000000000, Narrow klass shift: 3
Compressed class space size: 1073741824 Address: 0x0000000100000000

Heap:
 garbage-first heap   total 131072K, used 20480K [0x0000000081e00000, 0x0000000100000000)
  region size 1024K, 22 young (22528K), 0 survivors (0K)
 Metaspace       used 12455K, capacity 12629K, committed 12928K, reserved 1064960K
  class space    used 1249K, capacity 1316K, committed 1408K, reserved 1048576K
Heap Regions: E=young(eden), S=young(survivor), O=old, HS=humongous(starts), HC=humongous(continues), CS=collection set, F=free, A=archive, TAMS=top-at-mark-start (previous, next)
|   0|0x0000000081e00000, 0x0000000081e00000, 0x0000000081f00000|  0%| F|  |TAMS 0x0000000081e00000, 0x0000000081e00000| Untracked 
|   1|0x0000000081f00000, 0x0000000081f00000, 0x0000000082000000|  0%| F|  |TAMS 0x0000000081f00000, 0x0000000081f00000| Untracked 
|   2|0x0000000082000000, 0x0000000082000000, 0x0000000082100000|  0%| F|  |TAMS 0x0000000082000000, 0x0000000082000000| Untracked 
|   3|0x0000000082100000, 0x0000000082100000, 0x0000000082200000|  0%| F|  |TAMS 0x0000000082100000, 0x0000000082100000| Untracked 
|   4|0x0000000082200000, 0x0000000082200000, 0x0000000082300000|  0%| F|  |TAMS 0x0000000082200000, 0x0000000082200000| Untracked 
|   5|0x0000000082300000, 0x0000000082300000, 0x0000000082400000|  0%| F|  |TAMS 0x0000000082300000, 0x0000000082300000| Untracked 
|   6|0x0000000082400000, 0x0000000082400000, 0x0000000082500000|  0%| F|  |TAMS 0x0000000082400000, 0x0000000082400000| Untracked 
|   7|0x0000000082500000, 0x0000000082500000, 0x0000000082600000|  0%| F|  |TAMS 0x0000000082500000, 0x0000000082500000| Untracked 
|   8|0x0000000082600000, 0x0000000082600000, 0x0000000082700000|  0%| F|  |TAMS 0x0000000082600000, 0x0000000082600000| Untracked 
|   9|0x0000000082700000, 0x0000000082700000, 0x0000000082800000|  0%| F|  |TAMS 0x0000000082700000, 0x0000000082700000| Untracked 
|  10|0x0000000082800000, 0x0000000082800000, 0x0000000082900000|  0%| F|  |TAMS 0x0000000082800000, 0x0000000082800000| Untracked 
|  11|0x0000000082900000, 0x0000000082900000, 0x0000000082a00000|  0%| F|  |TAMS 0x0000000082900000, 0x0000000082900000| Untracked 
|  12|0x0000000082a00000, 0x0000000082a00000, 0x0000000082b00000|  0%| F|  |TAMS 0x0000000082a00000, 0x0000000082a00000| Untracked 
|  13|0x0000000082b00000, 0x0000000082b00000, 0x0000000082c00000|  0%| F|  |TAMS 0x0000000082b00000, 0x0000000082b00000| Untracked 
|  14|0x0000000082c00000, 0x0000000082c00000, 0x0000000082d00000|  0%| F|  |TAMS 0x0000000082c00000, 0x0000000082c00000| Untracked 
|  15|0x0000000082d00000, 0x0000000082d00000, 0x0000000082e00000|  0%| F|  |TAMS 0x0000000082d00000, 0x0000000082d00000| Untracked 
|  16|0x0000000082e00000, 0x0000000082e00000, 0x0000000082f00000|  0%| F|  |TAMS 0x0000000082e00000, 0x0000000082e00000| Untracked 
|  17|0x0000000082f00000, 0x0000000082f00000, 0x0000000083000000|  0%| F|  |TAMS 0x0000000082f00000, 0x0000000082f00000| Untracked 
|  18|0x0000000083000000, 0x0000000083000000, 0x0000000083100000|  0%| F|  |TAMS 0x0000000083000000, 0x0000000083000000| Untracked 
|  19|0x0000000083100000, 0x0000000083100000, 0x0000000083200000|  0%| F|  |TAMS 0x0000000083100000, 0x0000000083100000| Untracked 
|  20|0x0000000083200000, 0x0000000083200000, 0x0000000083300000|  0%| F|  |TAMS 0x0000000083200000, 0x0000000083200000| Untracked 
|  21|0x0000000083300000, 0x0000000083300000, 0x0000000083400000|  0%| F|  |TAMS 0x0000000083300000, 0x0000000083300000| Untracked 
|  22|0x0000000083400000, 0x0000000083400000, 0x0000000083500000|  0%| F|  |TAMS 0x0000000083400000, 0x0000000083400000| Untracked 
|  23|0x0000000083500000, 0x0000000083500000, 0x0000000083600000|  0%| F|  |TAMS 0x0000000083500000, 0x0000000083500000| Untracked 
|  24|0x0000000083600000, 0x0000000083600000, 0x0000000083700000|  0%| F|  |TAMS 0x0000000083600000, 0x0000000083600000| Untracked 
|  25|0x0000000083700000, 0x0000000083700000, 0x0000000083800000|  0%| F|  |TAMS 0x0000000083700000, 0x0000000083700000| Untracked 
|  26|0x0000000083800000, 0x0000000083800000, 0x0000000083900000|  0%| F|  |TAMS 0x0000000083800000, 0x0000000083800000| Untracked 
|  27|0x0000000083900000, 0x0000000083900000, 0x0000000083a00000|  0%| F|  |TAMS 0x0000000083900000, 0x0000000083900000| Untracked 
|  28|0x0000000083a00000, 0x0000000083a00000, 0x0000000083b00000|  0%| F|  |TAMS 0x0000000083a00000, 0x0000000083a00000| Untracked 
|  29|0x0000000083b00000, 0x0000000083b00000, 0x0000000083c00000|  0%| F|  |TAMS 0x0000000083b00000, 0x0000000083b00000| Untracked 
|  30|0x0000000083c00000, 0x0000000083c00000, 0x0000000083d00000|  0%| F|  |TAMS 0x0000000083c00000, 0x0000000083c00000| Untracked 
|  31|0x0000000083d00000, 0x0000000083d00000, 0x0000000083e00000|  0%| F|  |TAMS 0x0000000083d00000, 0x0000000083d00000| Untracked 
|  32|0x0000000083e00000, 0x0000000083e00000, 0x0000000083f00000|  0%| F|  |TAMS 0x0000000083e00000, 0x0000000083e00000| Untracked 
|  33|0x0000000083f00000, 0x0000000083f00000, 0x0000000084000000|  0%| F|  |TAMS 0x0000000083f00000, 0x0000000083f00000| Untracked 
|  34|0x0000000084000000, 0x0000000084000000, 0x0000000084100000|  0%| F|  |TAMS 0x0000000084000000, 0x0000000084000000| Untracked 
|  35|0x0000000084100000, 0x0000000084100000, 0x0000000084200000|  0%| F|  |TAMS 0x0000000084100000, 0x0000000084100000| Untracked 
|  36|0x0000000084200000, 0x0000000084200000, 0x0000000084300000|  0%| F|  |TAMS 0x0000000084200000, 0x0000000084200000| Untracked 
|  37|0x0000000084300000, 0x0000000084300000, 0x0000000084400000|  0%| F|  |TAMS 0x0000000084300000, 0x0000000084300000| Untracked 
|  38|0x0000000084400000, 0x0000000084400000, 0x0000000084500000|  0%| F|  |TAMS 0x0000000084400000, 0x0000000084400000| Untracked 
|  39|0x0000000084500000, 0x0000000084500000, 0x0000000084600000|  0%| F|  |TAMS 0x0000000084500000, 0x0000000084500000| Untracked 
|  40|0x0000000084600000, 0x0000000084600000, 0x0000000084700000|  0%| F|  |TAMS 0x0000000084600000, 0x0000000084600000| Untracked 
|  41|0x0000000084700000, 0x0000000084700000, 0x0000000084800000|  0%| F|  |TAMS 0x0000000084700000, 0x0000000084700000| Untracked 
|  42|0x0000000084800000, 0x0000000084800000, 0x0000000084900000|  0%| F|  |TAMS 0x0000000084800000, 0x0000000084800000| Untracked 
|  43|0x0000000084900000, 0x0000000084900000, 0x0000000084a00000|  0%| F|  |TAMS 0x0000000084900000, 0x0000000084900000| Untracked 
|  44|0x0000000084a00000, 0x0000000084a00000, 0x0000000084b00000|  0%| F|  |TAMS 0x0000000084a00000, 0x0000000084a00000| Untracked 
|  45|0x0000000084b00000, 0x0000000084b00000, 0x0000000084c00000|  0%| F|  |TAMS 0x0000000084b00000, 0x0000000084b00000| Untracked 
|  46|0x0000000084c00000, 0x0000000084c00000, 0x0000000084d00000|  0%| F|  |TAMS 0x0000000084c00000, 0x0000000084c00000| Untracked 
|  47|0x0000000084d00000, 0x0000000084d00000, 0x0000000084e00000|  0%| F|  |TAMS 0x0000000084d00000, 0x0000000084d00000| Untracked 
|  48|0x0000000084e00000, 0x0000000084e00000, 0x0000000084f00000|  0%| F|  |TAMS 0x0000000084e00000, 0x0000000084e00000| Untracked 
|  49|0x0000000084f00000, 0x0000000084f00000, 0x0000000085000000|  0%| F|  |TAMS 0x0000000084f00000, 0x0000000084f00000| Untracked 
|  50|0x0000000085000000, 0x0000000085000000, 0x0000000085100000|  0%| F|  |TAMS 0x0000000085000000, 0x0000000085000000| Untracked 
|  51|0x0000000085100000, 0x0000000085100000, 0x0000000085200000|  0%| F|  |TAMS 0x0000000085100000, 0x0000000085100000| Untracked 
|  52|0x0000000085200000, 0x0000000085200000, 0x0000000085300000|  0%| F|  |TAMS 0x0000000085200000, 0x0000000085200000| Untracked 
|  53|0x0000000085300000, 0x0000000085300000, 0x0000000085400000|  0%| F|  |TAMS 0x0000000085300000, 0x0000000085300000| Untracked 
|  54|0x0000000085400000, 0x0000000085400000, 0x0000000085500000|  0%| F|  |TAMS 0x0000000085400000, 0x0000000085400000| Untracked 
|  55|0x0000000085500000, 0x0000000085500000, 0x0000000085600000|  0%| F|  |TAMS 0x0000000085500000, 0x0000000085500000| Untracked 
|  56|0x0000000085600000, 0x0000000085600000, 0x0000000085700000|  0%| F|  |TAMS 0x0000000085600000, 0x0000000085600000| Untracked 
|  57|0x0000000085700000, 0x0000000085700000, 0x0000000085800000|  0%| F|  |TAMS 0x0000000085700000, 0x0000000085700000| Untracked 
|  58|0x0000000085800000, 0x0000000085800000, 0x0000000085900000|  0%| F|  |TAMS 0x0000000085800000, 0x0000000085800000| Untracked 
|  59|0x0000000085900000, 0x0000000085900000, 0x0000000085a00000|  0%| F|  |TAMS 0x0000000085900000, 0x0000000085900000| Untracked 
|  60|0x0000000085a00000, 0x0000000085a00000, 0x0000000085b00000|  0%| F|  |TAMS 0x0000000085a00000, 0x0000000085a00000| Untracked 
|  61|0x0000000085b00000, 0x0000000085b00000, 0x0000000085c00000|  0%| F|  |TAMS 0x0000000085b00000, 0x0000000085b00000| Untracked 
|  62|0x0000000085c00000, 0x0000000085c00000, 0x0000000085d00000|  0%| F|  |TAMS 0x0000000085c00000, 0x0000000085c00000| Untracked 
|  63|0x0000000085d00000, 0x0000000085d00000, 0x0000000085e00000|  0%| F|  |TAMS 0x0000000085d00000, 0x0000000085d00000| Untracked 
|  64|0x0000000085e00000, 0x0000000085e00000, 0x0000000085f00000|  0%| F|  |TAMS 0x0000000085e00000, 0x0000000085e00000| Untracked 
|  65|0x0000000085f00000, 0x0000000085f00000, 0x0000000086000000|  0%| F|  |TAMS 0x0000000085f00000, 0x0000000085f00000| Untracked 
|  66|0x0000000086000000, 0x0000000086000000, 0x0000000086100000|  0%| F|  |TAMS 0x0000000086000000, 0x0000000086000000| Untracked 
|  67|0x0000000086100000, 0x0000000086100000, 0x0000000086200000|  0%| F|  |TAMS 0x0000000086100000, 0x0000000086100000| Untracked 
|  68|0x0000000086200000, 0x0000000086200000, 0x0000000086300000|  0%| F|  |TAMS 0x0000000086200000, 0x0000000086200000| Untracked 
|  69|0x0000000086300000, 0x0000000086300000, 0x0000000086400000|  0%| F|  |TAMS 0x0000000086300000, 0x0000000086300000| Untracked 
|  70|0x0000000086400000, 0x0000000086400000, 0x0000000086500000|  0%| F|  |TAMS 0x0000000086400000, 0x0000000086400000| Untracked 
|  71|0x0000000086500000, 0x0000000086500000, 0x0000000086600000|  0%| F|  |TAMS 0x0000000086500000, 0x0000000086500000| Untracked 
|  72|0x0000000086600000, 0x0000000086600000, 0x0000000086700000|  0%| F|  |TAMS 0x0000000086600000, 0x0000000086600000| Untracked 
|  73|0x0000000086700000, 0x0000000086700000, 0x0000000086800000|  0%| F|  |TAMS 0x0000000086700000, 0x0000000086700000| Untracked 
|  74|0x0000000086800000, 0x0000000086800000, 0x0000000086900000|  0%| F|  |TAMS 0x0000000086800000, 0x0000000086800000| Untracked 
|  75|0x0000000086900000, 0x0000000086900000, 0x0000000086a00000|  0%| F|  |TAMS 0x0000000086900000, 0x0000000086900000| Untracked 
|  76|0x0000000086a00000, 0x0000000086a00000, 0x0000000086b00000|  0%| F|  |TAMS 0x0000000086a00000, 0x0000000086a00000| Untracked 
|  77|0x0000000086b00000, 0x0000000086b00000, 0x0000000086c00000|  0%| F|  |TAMS 0x0000000086b00000, 0x0000000086b00000| Untracked 
|  78|0x0000000086c00000, 0x0000000086c00000, 0x0000000086d00000|  0%| F|  |TAMS 0x0000000086c00000, 0x0000000086c00000| Untracked 
|  79|0x0000000086d00000, 0x0000000086d00000, 0x0000000086e00000|  0%| F|  |TAMS 0x0000000086d00000, 0x0000000086d00000| Untracked 
|  80|0x0000000086e00000, 0x0000000086e00000, 0x0000000086f00000|  0%| F|  |TAMS 0x0000000086e00000, 0x0000000086e00000| Untracked 
|  81|0x0000000086f00000, 0x0000000086f00000, 0x0000000087000000|  0%| F|  |TAMS 0x0000000086f00000, 0x0000000086f00000| Untracked 
|  82|0x0000000087000000, 0x0000000087000000, 0x0000000087100000|  0%| F|  |TAMS 0x0000000087000000, 0x0000000087000000| Untracked 
|  83|0x0000000087100000, 0x0000000087100000, 0x0000000087200000|  0%| F|  |TAMS 0x0000000087100000, 0x0000000087100000| Untracked 
|  84|0x0000000087200000, 0x0000000087200000, 0x0000000087300000|  0%| F|  |TAMS 0x0000000087200000, 0x0000000087200000| Untracked 
|  85|0x0000000087300000, 0x0000000087300000, 0x0000000087400000|  0%| F|  |TAMS 0x0000000087300000, 0x0000000087300000| Untracked 
|  86|0x0000000087400000, 0x0000000087400000, 0x0000000087500000|  0%| F|  |TAMS 0x0000000087400000, 0x0000000087400000| Untracked 
|  87|0x0000000087500000, 0x0000000087500000, 0x0000000087600000|  0%| F|  |TAMS 0x0000000087500000, 0x0000000087500000| Untracked 
|  88|0x0000000087600000, 0x0000000087600000, 0x0000000087700000|  0%| F|  |TAMS 0x0000000087600000, 0x0000000087600000| Untracked 
|  89|0x0000000087700000, 0x0000000087700000, 0x0000000087800000|  0%| F|  |TAMS 0x0000000087700000, 0x0000000087700000| Untracked 
|  90|0x0000000087800000, 0x0000000087800000, 0x0000000087900000|  0%| F|  |TAMS 0x0000000087800000, 0x0000000087800000| Untracked 
|  91|0x0000000087900000, 0x0000000087900000, 0x0000000087a00000|  0%| F|  |TAMS 0x0000000087900000, 0x0000000087900000| Untracked 
|  92|0x0000000087a00000, 0x0000000087a00000, 0x0000000087b00000|  0%| F|  |TAMS 0x0000000087a00000, 0x0000000087a00000| Untracked 
|  93|0x0000000087b00000, 0x0000000087b00000, 0x0000000087c00000|  0%| F|  |TAMS 0x0000000087b00000, 0x0000000087b00000| Untracked 
|  94|0x0000000087c00000, 0x0000000087c00000, 0x0000000087d00000|  0%| F|  |TAMS 0x0000000087c00000, 0x0000000087c00000| Untracked 
|  95|0x0000000087d00000, 0x0000000087d00000, 0x0000000087e00000|  0%| F|  |TAMS 0x0000000087d00000, 0x0000000087d00000| Untracked 
|  96|0x0000000087e00000, 0x0000000087e00000, 0x0000000087f00000|  0%| F|  |TAMS 0x0000000087e00000, 0x0000000087e00000| Untracked 
|  97|0x0000000087f00000, 0x0000000087f00000, 0x0000000088000000|  0%| F|  |TAMS 0x0000000087f00000, 0x0000000087f00000| Untracked 
|  98|0x0000000088000000, 0x0000000088000000, 0x0000000088100000|  0%| F|  |TAMS 0x0000000088000000, 0x0000000088000000| Untracked 
|  99|0x0000000088100000, 0x0000000088100000, 0x0000000088200000|  0%| F|  |TAMS 0x0000000088100000, 0x0000000088100000| Untracked 
| 100|0x0000000088200000, 0x0000000088200000, 0x0000000088300000|  0%| F|  |TAMS 0x0000000088200000, 0x0000000088200000| Untracked 
| 101|0x0000000088300000, 0x0000000088300000, 0x0000000088400000|  0%| F|  |TAMS 0x0000000088300000, 0x0000000088300000| Untracked 
| 102|0x0000000088400000, 0x0000000088400000, 0x0000000088500000|  0%| F|  |TAMS 0x0000000088400000, 0x0000000088400000| Untracked 
| 103|0x0000000088500000, 0x0000000088500000, 0x0000000088600000|  0%| F|  |TAMS 0x0000000088500000, 0x0000000088500000| Untracked 
| 104|0x0000000088600000, 0x0000000088600000, 0x0000000088700000|  0%| F|  |TAMS 0x0000000088600000, 0x0000000088600000| Untracked 
| 105|0x0000000088700000, 0x000000008877b630, 0x0000000088800000| 48%| E|  |TAMS 0x0000000088700000, 0x0000000088700000| Complete 
| 106|0x0000000088800000, 0x0000000088900000, 0x0000000088900000|100%| E|CS|TAMS 0x0000000088800000, 0x0000000088800000| Complete 
| 107|0x0000000088900000, 0x0000000088a00000, 0x0000000088a00000|100%| E|CS|TAMS 0x0000000088900000, 0x0000000088900000| Complete 
| 108|0x0000000088a00000, 0x0000000088b00000, 0x0000000088b00000|100%| E|CS|TAMS 0x0000000088a00000, 0x0000000088a00000| Complete 
| 109|0x0000000088b00000, 0x0000000088c00000, 0x0000000088c00000|100%| E|CS|TAMS 0x0000000088b00000, 0x0000000088b00000| Complete 
| 110|0x0000000088c00000, 0x0000000088d00000, 0x0000000088d00000|100%| E|CS|TAMS 0x0000000088c00000, 0x0000000088c00000| Complete 
| 111|0x0000000088d00000, 0x0000000088e00000, 0x0000000088e00000|100%| E|CS|TAMS 0x0000000088d00000, 0x0000000088d00000| Complete 
| 112|0x0000000088e00000, 0x0000000088f00000, 0x0000000088f00000|100%| E|CS|TAMS 0x0000000088e00000, 0x0000000088e00000| Complete 
| 113|0x0000000088f00000, 0x0000000089000000, 0x0000000089000000|100%| E|CS|TAMS 0x0000000088f00000, 0x0000000088f00000| Complete 
| 114|0x0000000089000000, 0x0000000089100000, 0x0000000089100000|100%| E|  |TAMS 0x0000000089000000, 0x0000000089000000| Complete 
| 115|0x0000000089100000, 0x0000000089200000, 0x0000000089200000|100%| E|CS|TAMS 0x0000000089100000, 0x0000000089100000| Complete 
| 116|0x0000000089200000, 0x0000000089300000, 0x0000000089300000|100%| E|CS|TAMS 0x0000000089200000, 0x0000000089200000| Complete 
| 117|0x0000000089300000, 0x0000000089400000, 0x0000000089400000|100%| E|CS|TAMS 0x0000000089300000, 0x0000000089300000| Complete 
| 118|0x0000000089400000, 0x0000000089500000, 0x0000000089500000|100%| E|CS|TAMS 0x0000000089400000, 0x0000000089400000| Complete 
| 119|0x0000000089500000, 0x0000000089600000, 0x0000000089600000|100%| E|CS|TAMS 0x0000000089500000, 0x0000000089500000| Complete 
| 120|0x0000000089600000, 0x0000000089700000, 0x0000000089700000|100%| E|CS|TAMS 0x0000000089600000, 0x0000000089600000| Complete 
| 121|0x0000000089700000, 0x0000000089800000, 0x0000000089800000|100%| E|CS|TAMS 0x0000000089700000, 0x0000000089700000| Complete 
| 122|0x0000000089800000, 0x0000000089900000, 0x0000000089900000|100%| E|CS|TAMS 0x0000000089800000, 0x0000000089800000| Complete 
| 123|0x0000000089900000, 0x0000000089a00000, 0x0000000089a00000|100%| E|CS|TAMS 0x0000000089900000, 0x0000000089900000| Complete 
| 124|0x0000000089a00000, 0x0000000089b00000, 0x0000000089b00000|100%| E|CS|TAMS 0x0000000089a00000, 0x0000000089a00000| Complete 
| 125|0x0000000089b00000, 0x0000000089c00000, 0x0000000089c00000|100%| E|CS|TAMS 0x0000000089b00000, 0x0000000089b00000| Complete 
| 126|0x0000000089c00000, 0x0000000089d00000, 0x0000000089d00000|100%| E|CS|TAMS 0x0000000089c00000, 0x0000000089c00000| Complete 
| 127|0x0000000089d00000, 0x0000000089e00000, 0x0000000089e00000|100%| E|CS|TAMS 0x0000000089d00000, 0x0000000089d00000| Complete 

Card table byte_map: [0x000001a1f09b0000,0x000001a1f0db0000] _byte_map_base: 0x000001a1f05a1000

Marking Bits (Prev, Next): (CMBitMap*) 0x000001a1d8e2cb18, (CMBitMap*) 0x000001a1d8e2cb50
 Prev Bits: [0x000001a1f11b0000, 0x000001a1f3138000)
 Next Bits: [0x000001a1f3140000, 0x000001a1f50c8000)

Polling page: 0x000001a1d6d40000

Metaspace:

Usage:
  Non-class:     11.05 MB capacity,    10.95 MB (>99%) used,    90.29 KB ( <1%) free+waste,    12.19 KB ( <1%) overhead. 
      Class:      1.32 MB capacity,     1.22 MB ( 93%) used,    91.63 KB (  7%) free+waste,     5.25 KB ( <1%) overhead. 
       Both:     12.36 MB capacity,    12.17 MB ( 98%) used,   181.91 KB (  1%) free+waste,    17.44 KB ( <1%) overhead. 

Virtual space:
  Non-class space:       16.00 MB reserved,      11.25 MB ( 70%) committed 
      Class space:        1.00 GB reserved,       1.38 MB ( <1%) committed 
             Both:        1.02 GB reserved,      12.63 MB (  1%) committed 

Chunk freelists:
   Non-Class:  1.88 KB
       Class:  3.50 KB
        Both:  5.38 KB

CodeHeap 'non-profiled nmethods': size=120000Kb used=276Kb max_used=276Kb free=119723Kb
 bounds [0x000001a1e8d50000, 0x000001a1e8fc0000, 0x000001a1f0280000]
CodeHeap 'profiled nmethods': size=120000Kb used=1970Kb max_used=1970Kb free=118030Kb
 bounds [0x000001a1e1820000, 0x000001a1e1a90000, 0x000001a1e8d50000]
CodeHeap 'non-nmethods': size=5760Kb used=1083Kb max_used=1097Kb free=4676Kb
 bounds [0x000001a1e1280000, 0x000001a1e14f0000, 0x000001a1e1820000]
 total_blobs=1361 nmethods=973 adapters=300
 compilation: enabled
              stopped_count=0, restarted_count=0
 full_count=0

Compilation events (10 events):
Event: 2.571 Thread 0x000001a1f7b5b000  964   !   4       sun.nio.cs.StreamDecoder::read (196 bytes)
Event: 2.572 Thread 0x000001a1f7b62000 nmethod 961 0x000001a1e1a02b10 code [0x000001a1e1a02ce0, 0x000001a1e1a03288]
Event: 2.579 Thread 0x000001a1f7b62000  971       3       org.codehaus.plexus.util.xml.pull.MXParser::isS (30 bytes)
Event: 2.579 Thread 0x000001a1f7b62000 nmethod 971 0x000001a1e1a03410 code [0x000001a1e1a035c0, 0x000001a1e1a037d8]
Event: 2.580 Thread 0x000001a1f92f8800  965       4       java.nio.CharBuffer::arrayOffset (35 bytes)
Event: 2.580 Thread 0x000001a1f8f25800  967       4       java.io.InputStreamReader::read (11 bytes)
Event: 2.581 Thread 0x000001a1f92f8800 nmethod 965 0x000001a1e8d94a90 code [0x000001a1e8d94c20, 0x000001a1e8d94cb8]
Event: 2.581 Thread 0x000001a1f92f8800  966       4       java.nio.CharBuffer::position (6 bytes)
Event: 2.582 Thread 0x000001a1f92f8800 nmethod 966 0x000001a1e8d94d90 code [0x000001a1e8d94f20, 0x000001a1e8d94fd8]
Event: 2.582 Thread 0x000001a1f92f8800  968       4       org.codehaus.plexus.util.xml.XmlReader::read (11 bytes)

GC Heap History (0 events):
No events

Deoptimization events (10 events):
Event: 0.236 Thread 0x000001a1d8df0000 Uncommon trap: reason=unstable_if action=reinterpret pc=0x000001a1e8d544fc method=java.lang.String.hashCode()I @ 14 c2
Event: 0.569 Thread 0x000001a1d8df0000 Uncommon trap: reason=unstable_if action=reinterpret pc=0x000001a1e8d5ba00 method=java.io.WinNTFileSystem.isSlash(C)Z @ 9 c2
Event: 1.356 Thread 0x000001a1d8df0000 Uncommon trap: reason=unstable_if action=reinterpret pc=0x000001a1e8d5c474 method=java.lang.StringLatin1.canEncode(I)Z @ 4 c2
Event: 1.356 Thread 0x000001a1d8df0000 Uncommon trap: reason=unstable_if action=reinterpret pc=0x000001a1e8d5d6dc method=java.lang.AbstractStringBuilder.isLatin1()Z @ 10 c2
Event: 1.365 Thread 0x000001a1d8df0000 Uncommon trap: reason=unstable_if action=reinterpret pc=0x000001a1e8d59654 method=java.lang.StringLatin1.canEncode(I)Z @ 4 c2
Event: 2.474 Thread 0x000001a1d8df0000 Uncommon trap: reason=bimorphic_or_optimized_type_check action=maybe_recompile pc=0x000001a1e8d8fccc method=java.util.HashMap.getNode(ILjava/lang/Object;)Ljava/util/HashMap$Node; @ 126 c2
Event: 2.474 Thread 0x000001a1d8df0000 Uncommon trap: reason=unstable_if action=reinterpret pc=0x000001a1e8d9095c method=java.util.HashMap.putVal(ILjava/lang/Object;Ljava/lang/Object;ZZ)Ljava/lang/Object; @ 181 c2
Event: 2.525 Thread 0x000001a1d8df0000 Uncommon trap: reason=bimorphic_or_optimized_type_check action=maybe_recompile pc=0x000001a1e8d8fccc method=java.util.HashMap.getNode(ILjava/lang/Object;)Ljava/util/HashMap$Node; @ 126 c2
Event: 2.528 Thread 0x000001a1d8df0000 Uncommon trap: reason=unstable_if action=reinterpret pc=0x000001a1e8d70048 method=org.codehaus.plexus.util.xml.pull.MXParser.more()C @ 8 c2
Event: 2.564 Thread 0x000001a1d8df0000 Uncommon trap: reason=bimorphic_or_optimized_type_check action=maybe_recompile pc=0x000001a1e8d8fccc method=java.util.HashMap.getNode(ILjava/lang/Object;)Ljava/util/HashMap$Node; @ 126 c2

Classes redefined (0 events):
No events

Internal exceptions (1 events):
Event: 0.635 Thread 0x000001a1d8df0000 Exception <a 'java/lang/NoSuchMethodError'{0x0000000089a4b758}: java.lang.invoke.DirectMethodHandle$Holder.invokeSpecialIFC(Ljava/lang/Object;Ljava/lang/Object;I)I> (0x0000000089a4b758) thrown at [./open/src/hotspot/share/interpreter/linkResolver.cpp, lin

Events (10 events):
Event: 2.556 loading class org/eclipse/sisu/plexus/Roles done
Event: 2.557 loading class org/eclipse/sisu/plexus/PlexusXmlMetadata
Event: 2.557 loading class org/eclipse/sisu/plexus/PlexusXmlMetadata done
Event: 2.564 Thread 0x000001a1d8df0000 Uncommon trap: trap_request=0xffffffc6 fr.pc=0x000001a1e8d8fccc relative=0x000000000000038c
Event: 2.564 Thread 0x000001a1d8df0000 DEOPT PACKING pc=0x000001a1e8d8fccc sp=0x0000007bd91fd930
Event: 2.564 Thread 0x000001a1d8df0000 DEOPT UNPACKING pc=0x000001a1e12a78af sp=0x0000007bd91fd8a8 mode 2
Event: 2.579 Thread 0x000001a1f92f8800 Thread added: 0x000001a1f92f8800
Event: 2.580 Thread 0x000001a1f8f25800 Thread added: 0x000001a1f8f25800
Event: 2.605 loading class org/apache/maven/artifact/deployer/ArtifactDeployer
Event: 2.605 loading class org/apache/maven/artifact/deployer/ArtifactDeployer done


Dynamic libraries:
0x00007ff6339e0000 - 0x00007ff6339ef000 	C:\Program Files\Java\jdk-11.0.10\bin\java.exe
0x00007ffaffd70000 - 0x00007ffafff65000 	C:\WINDOWS\SYSTEM32\ntdll.dll
0x00007ffad58e0000 - 0x00007ffad58f3000 	C:\Program Files\AVG\Antivirus\aswhook.dll
0x00007ffafec50000 - 0x00007ffafed0d000 	C:\WINDOWS\System32\KERNEL32.DLL
0x00007ffafda20000 - 0x00007ffafdce8000 	C:\WINDOWS\System32\KERNELBASE.dll
0x00007ffafd6b0000 - 0x00007ffafd7b0000 	C:\WINDOWS\System32\ucrtbase.dll
0x00007ffac38f0000 - 0x00007ffac3905000 	C:\Program Files\Java\jdk-11.0.10\bin\VCRUNTIME140.dll
0x00007ffad03c0000 - 0x00007ffad03d8000 	C:\Program Files\Java\jdk-11.0.10\bin\jli.dll
0x00007ffaff110000 - 0x00007ffaff1bc000 	C:\WINDOWS\System32\ADVAPI32.dll
0x00007ffafefb0000 - 0x00007ffaff04e000 	C:\WINDOWS\System32\msvcrt.dll
0x00007ffafee70000 - 0x00007ffafef0b000 	C:\WINDOWS\System32\sechost.dll
0x00007ffafdf60000 - 0x00007ffafe08b000 	C:\WINDOWS\System32\RPCRT4.dll
0x00007ffafe510000 - 0x00007ffafe6b0000 	C:\WINDOWS\System32\USER32.dll
0x00007ffafdcf0000 - 0x00007ffafdd12000 	C:\WINDOWS\System32\win32u.dll
0x00007ffafea10000 - 0x00007ffafea3a000 	C:\WINDOWS\System32\GDI32.dll
0x00007ffafc8d0000 - 0x00007ffafcb6a000 	C:\WINDOWS\WinSxS\amd64_microsoft.windows.common-controls_6595b64144ccf1df_6.0.19041.844_none_ca00b6081b84eb1d\COMCTL32.dll
0x00007ffafd7b0000 - 0x00007ffafd8bb000 	C:\WINDOWS\System32\gdi32full.dll
0x00007ffafd560000 - 0x00007ffafd5fd000 	C:\WINDOWS\System32\msvcp_win.dll
0x00007ffaf3ed0000 - 0x00007ffaf3eda000 	C:\WINDOWS\SYSTEM32\VERSION.dll
0x00007ffafef80000 - 0x00007ffafefb0000 	C:\WINDOWS\System32\IMM32.DLL
0x00007ffa9ae80000 - 0x00007ffa9af1b000 	C:\Program Files\Java\jdk-11.0.10\bin\msvcp140.dll
0x00007ffa85c10000 - 0x00007ffa8670b000 	C:\Program Files\Java\jdk-11.0.10\bin\server\jvm.dll
0x00007ffafec40000 - 0x00007ffafec48000 	C:\WINDOWS\System32\PSAPI.DLL
0x00007ffaeab40000 - 0x00007ffaeab67000 	C:\WINDOWS\SYSTEM32\WINMM.dll
0x00007ffaeb000000 - 0x00007ffaeb009000 	C:\WINDOWS\SYSTEM32\WSOCK32.dll
0x00007ffafef10000 - 0x00007ffafef7b000 	C:\WINDOWS\System32\WS2_32.dll
0x00007ffafb0b0000 - 0x00007ffafb0c2000 	C:\WINDOWS\SYSTEM32\kernel.appcore.dll
0x00007ffad4030000 - 0x00007ffad4040000 	C:\Program Files\Java\jdk-11.0.10\bin\verify.dll
0x00007ffafcee0000 - 0x00007ffafd0c4000 	C:\WINDOWS\SYSTEM32\DBGHELP.DLL
0x00007ffafce30000 - 0x00007ffafce5c000 	C:\WINDOWS\SYSTEM32\dbgcore.DLL
0x00007ffafdd50000 - 0x00007ffafddd0000 	C:\WINDOWS\System32\bcryptPrimitives.dll
0x00007ffabbe90000 - 0x00007ffabbeb8000 	C:\Program Files\Java\jdk-11.0.10\bin\java.dll
0x00007ffad1000000 - 0x00007ffad100a000 	C:\Program Files\Java\jdk-11.0.10\bin\jimage.dll
0x00007ffac2b00000 - 0x00007ffac2b16000 	C:\Program Files\Java\jdk-11.0.10\bin\zip.dll
0x00007ffaff560000 - 0x00007ffaffca2000 	C:\WINDOWS\System32\SHELL32.dll
0x00007ffafa910000 - 0x00007ffafb0a0000 	C:\WINDOWS\SYSTEM32\windows.storage.dll
0x00007ffafe6b0000 - 0x00007ffafea05000 	C:\WINDOWS\System32\combase.dll
0x00007ffafc830000 - 0x00007ffafc85c000 	C:\WINDOWS\SYSTEM32\Wldp.dll
0x00007ffafeb90000 - 0x00007ffafec3e000 	C:\WINDOWS\System32\SHCORE.dll
0x00007ffafddd0000 - 0x00007ffafde25000 	C:\WINDOWS\System32\shlwapi.dll
0x00007ffafd3f0000 - 0x00007ffafd40f000 	C:\WINDOWS\SYSTEM32\profapi.dll
0x00007ffabe100000 - 0x00007ffabe119000 	C:\Program Files\Java\jdk-11.0.10\bin\net.dll
0x00007ffaebfc0000 - 0x00007ffaec0cb000 	C:\WINDOWS\SYSTEM32\WINHTTP.dll
0x00007ffafc710000 - 0x00007ffafc77a000 	C:\WINDOWS\system32\mswsock.dll
0x00007ffabb530000 - 0x00007ffabb542000 	C:\Program Files\Java\jdk-11.0.10\bin\nio.dll
0x00007ffad03b0000 - 0x00007ffad03ba000 	C:\Users\Sara\OneDrive\Escritorio\netbeans\java\maven\lib\jansi-native\windows64\jansi.dll

dbghelp: loaded successfully - version: 4.0.5 - missing functions: none
symbol engine: initialized successfully - sym options: 0x614 - pdb path: (cannot be retrieved)

VM Arguments:
jvm_args: -Dclassworlds.conf=C:\Users\Sara\OneDrive\Escritorio\netbeans\java\maven\bin\..\bin\m2.conf -Dmaven.home=C:\Users\Sara\OneDrive\Escritorio\netbeans\java\maven\bin\.. -Dlibrary.jansi.path=C:\Users\Sara\OneDrive\Escritorio\netbeans\java\maven\bin\..\lib\jansi-native -Dmaven.multiModuleProjectDirectory=C:\NetbeansProjects\GiraSOL_server 
java_command: org.codehaus.plexus.classworlds.launcher.Launcher -Dspring-boot.run.jvmArguments=-Xdebug -Xrunjdwp:transport=dt_socket,server=n,address=62393 -noverify -XX:TieredStopAtLevel=1 -Dspring-boot.run.mainClass=com.example.BasicApplication -Djpda.listen=true -Djpda.address=62393 -Dmaven.ext.class.path=C:\Users\Sara\OneDrive\Escritorio\netbeans\java\maven-nblib\netbeans-eventspy.jar -Dfile.encoding=UTF-8 spring-boot:run
java_class_path (initial): C:\Users\Sara\OneDrive\Escritorio\netbeans\java\maven\bin\..\boot\plexus-classworlds-2.6.0.jar
Launcher Type: SUN_STANDARD

[Global flags]
     intx CICompilerCount                          = 4                                         {product} {ergonomic}
     uint ConcGCThreads                            = 2                                         {product} {ergonomic}
     uint G1ConcRefinementThreads                  = 8                                         {product} {ergonomic}
   size_t G1HeapRegionSize                         = 1048576                                   {product} {ergonomic}
    uintx GCDrainStackTargetSize                   = 64                                        {product} {ergonomic}
   size_t InitialHeapSize                          = 134217728                                 {product} {ergonomic}
   size_t MarkStackSize                            = 4194304                                   {product} {ergonomic}
   size_t MaxHeapSize                              = 2116026368                                {product} {ergonomic}
   size_t MaxNewSize                               = 1268776960                                {product} {ergonomic}
   size_t MinHeapDeltaBytes                        = 1048576                                   {product} {ergonomic}
    uintx NonNMethodCodeHeapSize                   = 5836300                                {pd product} {ergonomic}
    uintx NonProfiledCodeHeapSize                  = 122910970                              {pd product} {ergonomic}
    uintx ProfiledCodeHeapSize                     = 122910970                              {pd product} {ergonomic}
    uintx ReservedCodeCacheSize                    = 251658240                              {pd product} {ergonomic}
     bool SegmentedCodeCache                       = true                                      {product} {ergonomic}
     bool UseCompressedClassPointers               = true                                 {lp64_product} {ergonomic}
     bool UseCompressedOops                        = true                                 {lp64_product} {ergonomic}
     bool UseG1GC                                  = true                                      {product} {ergonomic}
     bool UseLargePagesIndividualAllocation        = false                                  {pd product} {ergonomic}

Logging:
Log output configuration:
 #0: stdout all=warning uptime,level,tags
 #1: stderr all=off uptime,level,tags

Environment Variables:
JAVA_HOME=C:\Program Files\Java\jdk-11.0.10
PATH=C:\Program Files\Common Files\Oracle\Java\javapath;C:\Program Files (x86)\Common Files\Oracle\Java\javapath;C:\Program Files (x86)\Intel\Intel(R) Management Engine Components\iCLS\;C:\Program Files\Intel\Intel(R) Management Engine Components\iCLS\;C:\WINDOWS\system32;C:\WINDOWS;C:\WINDOWS\System32\Wbem;C:\WINDOWS\System32\WindowsPowerShell\v1.0\;C:\WINDOWS\System32\OpenSSH\;C:\Program Files (x86)\Intel\Intel(R) Management Engine Components\DAL;C:\Program Files\Intel\Intel(R) Management Engine Components\DAL;C:\Program Files\Intel\WiFi\bin\;C:\Program Files\Common Files\Intel\WirelessCommon\;C:\Program Files\Git\cmd;C:\Program Files\nodejs\;C:\Program Files\MySQL\MySQL Shell 8.0\bin\;C:\Users\Sara\AppData\Local\Microsoft\WindowsApps;C:\Users\Sara\AppData\Local\atom\bin;;C:\Users\Sara\AppData\Local\Programs\Microsoft VS Code\bin;C:\Users\Sara\AppData\Roaming\npm
USERNAME=Sara
OS=Windows_NT
PROCESSOR_IDENTIFIER=Intel64 Family 6 Model 142 Stepping 10, GenuineIntel



---------------  S Y S T E M  ---------------

OS: Windows 10 , 64 bit Build 19041 (10.0.19041.928)

CPU:total 8 (initial active 8) (4 cores per cpu, 2 threads per core) family 6 model 142 stepping 10 microcode 0xe0, cmov, cx8, fxsr, mmx, sse, sse2, sse3, ssse3, sse4.1, sse4.2, popcnt, avx, avx2, aes, clmul, erms, 3dnowpref, lzcnt, ht, tsc, tscinvbit, bmi1, bmi2, adx, fma

Memory: 4k page, system-wide physical 8065M (768M free)
TotalPageFile size 32641M (AvailPageFile size 0M)
current process WorkingSet (physical memory assigned to process): 79M, peak: 79M
current process commit charge ("private bytes"): 227M, peak: 227M

vm_info: Java HotSpot(TM) 64-Bit Server VM (11.0.10+8-LTS-162) for windows-amd64 JRE (11.0.10+8-LTS-162), built on Dec  8 2020 16:32:57 by "mach5one" with MS VC++ 15.9 (VS2017)

END.
