#
# There is insufficient memory for the Java Runtime Environment to continue.
# Native memory allocation (mmap) failed to map 134217728 bytes for Failed to commit area from 0x0000000081e00000 to 0x0000000089e00000 of length 134217728.
# Possible reasons:
#   The system is out of physical RAM or swap space
#   The process is running with CompressedOops enabled, and the Java Heap may be blocking the growth of the native heap
# Possible solutions:
#   Reduce memory load on the system
#   Increase physical memory or swap space
#   Check if swap backing store is full
#   Decrease Java heap size (-Xmx/-Xms)
#   Decrease number of Java threads
#   Decrease Java thread stack sizes (-Xss)
#   Set larger code cache with -XX:ReservedCodeCacheSize=
# This output file may be truncated or incomplete.
#
#  Out of Memory Error (./open/src/hotspot/os/windows/os_windows.cpp:3273), pid=31676, tid=24928
#
# JRE version:  (11.0.10+8) (build )
# Java VM: Java HotSpot(TM) 64-Bit Server VM (11.0.10+8-LTS-162, mixed mode, sharing, tiered, compressed oops, g1 gc, windows-amd64)
# No core dump will be written. Minidumps are not enabled by default on client versions of Windows
#

---------------  S U M M A R Y ------------

Command Line: -Dclassworlds.conf=C:\Users\Sara\OneDrive\Escritorio\netbeans\java\maven\bin\..\bin\m2.conf -Dmaven.home=C:\Users\Sara\OneDrive\Escritorio\netbeans\java\maven\bin\.. -Dlibrary.jansi.path=C:\Users\Sara\OneDrive\Escritorio\netbeans\java\maven\bin\..\lib\jansi-native -Dmaven.multiModuleProjectDirectory=C:\NetbeansProjects\GiraSOL_server org.codehaus.plexus.classworlds.launcher.Launcher -Dspring-boot.run.jvmArguments=-Xdebug -Xrunjdwp:transport=dt_socket,server=n,address=63908 -noverify -XX:TieredStopAtLevel=1 -Dspring-boot.run.mainClass=com.example.BasicApplication -Djpda.listen=true -Djpda.address=63908 -Dmaven.ext.class.path=C:\Users\Sara\OneDrive\Escritorio\netbeans\java\maven-nblib\netbeans-eventspy.jar -Dfile.encoding=UTF-8 spring-boot:run

Host: Intel(R) Core(TM) i5-8250U CPU @ 1.60GHz, 8 cores, 7G,  Windows 10 , 64 bit Build 19041 (10.0.19041.928)
Time: Mon Jun  7 21:09:12 2021 Hora de verano romance elapsed time: 0.071221 seconds (0d 0h 0m 0s)

---------------  T H R E A D  ---------------

Current thread (0x000002c120311000):  JavaThread "Unknown thread" [_thread_in_vm, id=24928, stack(0x000000f328e00000,0x000000f328f00000)]

Stack: [0x000000f328e00000,0x000000f328f00000]
Native frames: (J=compiled Java code, j=interpreted, Vv=VM code, C=native code)
V  [jvm.dll+0x613e6a]
V  [jvm.dll+0x74c1ff]
V  [jvm.dll+0x74d885]
V  [jvm.dll+0x74df03]
V  [jvm.dll+0x243b78]
V  [jvm.dll+0x61125a]
V  [jvm.dll+0x606165]
V  [jvm.dll+0x2f85fc]
V  [jvm.dll+0x2f8482]
V  [jvm.dll+0x2fd136]
V  [jvm.dll+0x33f6bf]
V  [jvm.dll+0x33f0f0]
V  [jvm.dll+0x2d5d08]
V  [jvm.dll+0x2d6e66]
V  [jvm.dll+0x727d17]
V  [jvm.dll+0x7295bf]
V  [jvm.dll+0x34c4a9]
V  [jvm.dll+0x70d6b0]
V  [jvm.dll+0x3b584f]
V  [jvm.dll+0x3b7951]
C  [jli.dll+0x520b]
C  [ucrtbase.dll+0x21bb2]
C  [KERNEL32.DLL+0x17034]
C  [ntdll.dll+0x52651]


---------------  P R O C E S S  ---------------

Threads class SMR info:
_java_thread_list=0x000002c11e0c2030, length=0, elements={
}

Java Threads: ( => current thread )

Other Threads:
  0x000002c120325800 GCTaskThread "GC Thread#0" [stack: 0x000000f328f00000,0x000000f329000000] [id=23948]
  0x000002c120355000 ConcurrentGCThread "G1 Main Marker" [stack: 0x000000f329000000,0x000000f329100000] [id=29600]
  0x000002c120357800 ConcurrentGCThread "G1 Conc#0" [stack: 0x000000f329100000,0x000000f329200000] [id=30384]

[error occurred during error reporting (printing all threads), id 0xc0000005, EXCEPTION_ACCESS_VIOLATION (0xc0000005) at pc=0x00007ffa85ef4f57]

VM state:not at safepoint (not fully initialized)

VM Mutex/Monitor currently owned by a thread:  ([mutex/lock_event])
[0x000002c12030eb60] Heap_lock - owner thread: 0x000002c120311000

Heap address: 0x0000000081e00000, size: 2018 MB, Compressed Oops mode: Non-zero based: 0x0000000081e00000
Narrow klass base: 0x0000000000000000, Narrow klass shift: 0

GC Heap History (0 events):
No events

Deoptimization events (0 events):
No events

Classes redefined (0 events):
No events

Internal exceptions (0 events):
No events

Events (0 events):
No events


Dynamic libraries:
0x00007ff6339e0000 - 0x00007ff6339ef000 	C:\Program Files\Java\jdk-11.0.10\bin\java.exe
0x00007ffaffd70000 - 0x00007ffafff65000 	C:\WINDOWS\SYSTEM32\ntdll.dll
0x00007ffad58e0000 - 0x00007ffad58f3000 	C:\Program Files\AVG\Antivirus\aswhook.dll
0x00007ffafec50000 - 0x00007ffafed0d000 	C:\WINDOWS\System32\KERNEL32.DLL
0x00007ffafda20000 - 0x00007ffafdce8000 	C:\WINDOWS\System32\KERNELBASE.dll
0x00007ffafd6b0000 - 0x00007ffafd7b0000 	C:\WINDOWS\System32\ucrtbase.dll
0x00007ffac38f0000 - 0x00007ffac3905000 	C:\Program Files\Java\jdk-11.0.10\bin\VCRUNTIME140.dll
0x00007ffad03c0000 - 0x00007ffad03d8000 	C:\Program Files\Java\jdk-11.0.10\bin\jli.dll
0x00007ffaff110000 - 0x00007ffaff1bc000 	C:\WINDOWS\System32\ADVAPI32.dll
0x00007ffafefb0000 - 0x00007ffaff04e000 	C:\WINDOWS\System32\msvcrt.dll
0x00007ffafee70000 - 0x00007ffafef0b000 	C:\WINDOWS\System32\sechost.dll
0x00007ffafdf60000 - 0x00007ffafe08b000 	C:\WINDOWS\System32\RPCRT4.dll
0x00007ffafe510000 - 0x00007ffafe6b0000 	C:\WINDOWS\System32\USER32.dll
0x00007ffafdcf0000 - 0x00007ffafdd12000 	C:\WINDOWS\System32\win32u.dll
0x00007ffafea10000 - 0x00007ffafea3a000 	C:\WINDOWS\System32\GDI32.dll
0x00007ffafd7b0000 - 0x00007ffafd8bb000 	C:\WINDOWS\System32\gdi32full.dll
0x00007ffafd560000 - 0x00007ffafd5fd000 	C:\WINDOWS\System32\msvcp_win.dll
0x00007ffafc8d0000 - 0x00007ffafcb6a000 	C:\WINDOWS\WinSxS\amd64_microsoft.windows.common-controls_6595b64144ccf1df_6.0.19041.844_none_ca00b6081b84eb1d\COMCTL32.dll
0x00007ffaf3ed0000 - 0x00007ffaf3eda000 	C:\WINDOWS\SYSTEM32\VERSION.dll
0x00007ffafef80000 - 0x00007ffafefb0000 	C:\WINDOWS\System32\IMM32.DLL
0x00007ffa9ae80000 - 0x00007ffa9af1b000 	C:\Program Files\Java\jdk-11.0.10\bin\msvcp140.dll
0x00007ffa85c10000 - 0x00007ffa8670b000 	C:\Program Files\Java\jdk-11.0.10\bin\server\jvm.dll
0x00007ffafec40000 - 0x00007ffafec48000 	C:\WINDOWS\System32\PSAPI.DLL
0x00007ffaeb000000 - 0x00007ffaeb009000 	C:\WINDOWS\SYSTEM32\WSOCK32.dll
0x00007ffaeab40000 - 0x00007ffaeab67000 	C:\WINDOWS\SYSTEM32\WINMM.dll
0x00007ffafef10000 - 0x00007ffafef7b000 	C:\WINDOWS\System32\WS2_32.dll
0x00007ffafb0b0000 - 0x00007ffafb0c2000 	C:\WINDOWS\SYSTEM32\kernel.appcore.dll
0x00007ffad4030000 - 0x00007ffad4040000 	C:\Program Files\Java\jdk-11.0.10\bin\verify.dll
0x00007ffafcee0000 - 0x00007ffafd0c4000 	C:\WINDOWS\SYSTEM32\DBGHELP.DLL
0x00007ffafce30000 - 0x00007ffafce5c000 	C:\WINDOWS\SYSTEM32\dbgcore.DLL
0x00007ffafdd50000 - 0x00007ffafddd0000 	C:\WINDOWS\System32\bcryptPrimitives.dll
0x00007ffabbe90000 - 0x00007ffabbeb8000 	C:\Program Files\Java\jdk-11.0.10\bin\java.dll
0x00007ffad1000000 - 0x00007ffad100a000 	C:\Program Files\Java\jdk-11.0.10\bin\jimage.dll
0x00007ffac2b00000 - 0x00007ffac2b16000 	C:\Program Files\Java\jdk-11.0.10\bin\zip.dll

dbghelp: loaded successfully - version: 4.0.5 - missing functions: none
symbol engine: initialized successfully - sym options: 0x614 - pdb path: .;C:\Program Files\Java\jdk-11.0.10\bin;C:\WINDOWS\SYSTEM32;C:\Program Files\AVG\Antivirus;C:\WINDOWS\WinSxS\amd64_microsoft.windows.common-controls_6595b64144ccf1df_6.0.19041.844_none_ca00b6081b84eb1d;C:\Program Files\Java\jdk-11.0.10\bin\server

VM Arguments:
jvm_args: -Dclassworlds.conf=C:\Users\Sara\OneDrive\Escritorio\netbeans\java\maven\bin\..\bin\m2.conf -Dmaven.home=C:\Users\Sara\OneDrive\Escritorio\netbeans\java\maven\bin\.. -Dlibrary.jansi.path=C:\Users\Sara\OneDrive\Escritorio\netbeans\java\maven\bin\..\lib\jansi-native -Dmaven.multiModuleProjectDirectory=C:\NetbeansProjects\GiraSOL_server 
java_command: org.codehaus.plexus.classworlds.launcher.Launcher -Dspring-boot.run.jvmArguments=-Xdebug -Xrunjdwp:transport=dt_socket,server=n,address=63908 -noverify -XX:TieredStopAtLevel=1 -Dspring-boot.run.mainClass=com.example.BasicApplication -Djpda.listen=true -Djpda.address=63908 -Dmaven.ext.class.path=C:\Users\Sara\OneDrive\Escritorio\netbeans\java\maven-nblib\netbeans-eventspy.jar -Dfile.encoding=UTF-8 spring-boot:run
java_class_path (initial): C:\Users\Sara\OneDrive\Escritorio\netbeans\java\maven\bin\..\boot\plexus-classworlds-2.6.0.jar
Launcher Type: SUN_STANDARD

[Global flags]
     intx CICompilerCount                          = 4                                         {product} {ergonomic}
     uint ConcGCThreads                            = 2                                         {product} {ergonomic}
     uint G1ConcRefinementThreads                  = 8                                         {product} {ergonomic}
   size_t G1HeapRegionSize                         = 1048576                                   {product} {ergonomic}
    uintx GCDrainStackTargetSize                   = 64                                        {product} {ergonomic}
   size_t InitialHeapSize                          = 134217728                                 {product} {ergonomic}
   size_t MarkStackSize                            = 4194304                                   {product} {ergonomic}
   size_t MaxHeapSize                              = 2116026368                                {product} {ergonomic}
   size_t MinHeapDeltaBytes                        = 1048576                                   {product} {ergonomic}
    uintx NonNMethodCodeHeapSize                   = 5836300                                {pd product} {ergonomic}
    uintx NonProfiledCodeHeapSize                  = 122910970                              {pd product} {ergonomic}
    uintx ProfiledCodeHeapSize                     = 122910970                              {pd product} {ergonomic}
    uintx ReservedCodeCacheSize                    = 251658240                              {pd product} {ergonomic}
     bool SegmentedCodeCache                       = true                                      {product} {ergonomic}
     bool UseCompressedClassPointers               = true                                 {lp64_product} {ergonomic}
     bool UseCompressedOops                        = true                                 {lp64_product} {ergonomic}
     bool UseG1GC                                  = true                                      {product} {ergonomic}
     bool UseLargePagesIndividualAllocation        = false                                  {pd product} {ergonomic}

Logging:
Log output configuration:
 #0: stdout all=warning uptime,level,tags
 #1: stderr all=off uptime,level,tags

Environment Variables:
JAVA_HOME=C:\Program Files\Java\jdk-11.0.10
PATH=C:\Program Files\Common Files\Oracle\Java\javapath;C:\Program Files (x86)\Common Files\Oracle\Java\javapath;C:\Program Files (x86)\Intel\Intel(R) Management Engine Components\iCLS\;C:\Program Files\Intel\Intel(R) Management Engine Components\iCLS\;C:\WINDOWS\system32;C:\WINDOWS;C:\WINDOWS\System32\Wbem;C:\WINDOWS\System32\WindowsPowerShell\v1.0\;C:\WINDOWS\System32\OpenSSH\;C:\Program Files (x86)\Intel\Intel(R) Management Engine Components\DAL;C:\Program Files\Intel\Intel(R) Management Engine Components\DAL;C:\Program Files\Intel\WiFi\bin\;C:\Program Files\Common Files\Intel\WirelessCommon\;C:\Program Files\Git\cmd;C:\Program Files\nodejs\;C:\Program Files\MySQL\MySQL Shell 8.0\bin\;C:\Users\Sara\AppData\Local\Microsoft\WindowsApps;C:\Users\Sara\AppData\Local\atom\bin;;C:\Users\Sara\AppData\Local\Programs\Microsoft VS Code\bin;C:\Users\Sara\AppData\Roaming\npm
USERNAME=Sara
OS=Windows_NT
PROCESSOR_IDENTIFIER=Intel64 Family 6 Model 142 Stepping 10, GenuineIntel



---------------  S Y S T E M  ---------------

OS: Windows 10 , 64 bit Build 19041 (10.0.19041.928)

CPU:total 8 (initial active 8) (4 cores per cpu, 2 threads per core) family 6 model 142 stepping 10 microcode 0xe0, cmov, cx8, fxsr, mmx, sse, sse2, sse3, ssse3, sse4.1, sse4.2, popcnt, avx, avx2, aes, clmul, erms, 3dnowpref, lzcnt, ht, tsc, tscinvbit, bmi1, bmi2, adx, fma

Memory: 4k page, system-wide physical 8065M (271M free)
TotalPageFile size 32641M (AvailPageFile size 111M)
current process WorkingSet (physical memory assigned to process): 10M, peak: 10M
current process commit charge ("private bytes"): 60M, peak: 188M

vm_info: Java HotSpot(TM) 64-Bit Server VM (11.0.10+8-LTS-162) for windows-amd64 JRE (11.0.10+8-LTS-162), built on Dec  8 2020 16:32:57 by "mach5one" with MS VC++ 15.9 (VS2017)

END.
